Arguments: 
  /usr/local/bin/node /usr/local/Cellar/yarn/0.27.5_1/libexec/bin/yarn.js install

PATH: 
  /Library/Frameworks/Python.framework/Versions/2.7/bin:/Library/Frameworks/Python.framework/Versions/3.5/bin:/usr/local/bin:/usr/bin:/bin:/usr/sbin:/sbin:/opt/ImageMagick/bin

Yarn version: 
  0.27.5

Node version: 
  6.11.1

Platform: 
  darwin x64

npm manifest: 
  {
    "author": "Spotify",
    "name": "web-api-auth-examples",
    "description": "Basic examples of the Spotify authorization flows through OAuth 2",
    "version": "0.0.2",
    "dependencies": {
      "cookie-parser": "1.3.2",
      "express": "~4.16.0",
      "querystring": "~0.2.0",
      "request": "~2.83.0"
    }
  }

yarn manifest: 
  No manifest

Lockfile: 
  No lockfile

Trace: 
  Error: https://registry.yarnpkg.com/combined-stream/-/combined-stream-1.0.6.tgz: ENOENT: no such file or directory, utime '/Users/sunaustin8/Library/Caches/Yarn/v1/npm-combined-stream-1.0.6-723e7df6e801ac5613113a7e445a9b69cb632818/lib/defer.js'
      at Error (native)
